Flow report for proj_qsys
Fri Jun 28 20:03:20 2019
Quartus II 64-Bit Version 13.0.0 Build 156 04/24/2013 SJ Web Edition


---------------------
; Table of Contents ;
---------------------
  1. Legal Notice
  2. Flow Summary
  3. Flow Settings
  4. Flow Non-Default Global Settings
  5. Flow Elapsed Time
  6. Flow OS Summary
  7. Flow Log
  8. Flow Messages
  9. Flow Suppressed Messages



----------------
; Legal Notice ;
----------------
Copyright (C) 1991-2013 Altera Corporation
Your use of Altera Corporation's design tools, logic functions 
and other software and tools, and its AMPP partner logic 
functions, and any output files from any of the foregoing 
(including device programming or simulation files), and any 
associated documentation or information are expressly subject 
to the terms and conditions of the Altera Program License 
Subscription Agreement, Altera MegaCore Function License 
Agreement, or other applicable license agreement, including, 
without limitation, that your use is for the sole purpose of 
programming logic devices manufactured by Altera and sold by 
Altera or its authorized distributors.  Please refer to the 
applicable agreement for further details.



+---------------------------------------------------------------------------------+
; Flow Summary                                                                    ;
+------------------------------------+--------------------------------------------+
; Flow Status                        ; Successful - Fri Jun 28 20:03:20 2019      ;
; Quartus II 64-Bit Version          ; 13.0.0 Build 156 04/24/2013 SJ Web Edition ;
; Revision Name                      ; proj_qsys                                  ;
; Top-level Entity Name              ; proj_qsys                                  ;
; Family                             ; Cyclone II                                 ;
; Device                             ; EP2C20F484C7                               ;
; Timing Models                      ; Final                                      ;
; Total logic elements               ; 1,542 / 18,752 ( 8 % )                     ;
;     Total combinational functions  ; 1,462 / 18,752 ( 8 % )                     ;
;     Dedicated logic registers      ; 867 / 18,752 ( 5 % )                       ;
; Total registers                    ; 867                                        ;
; Total pins                         ; 1 / 315 ( < 1 % )                          ;
; Total virtual pins                 ; 0                                          ;
; Total memory bits                  ; 44,032 / 239,616 ( 18 % )                  ;
; Embedded Multiplier 9-bit elements ; 0 / 52 ( 0 % )                             ;
; Total PLLs                         ; 0 / 4 ( 0 % )                              ;
+------------------------------------+--------------------------------------------+


+-----------------------------------------+
; Flow Settings                           ;
+-------------------+---------------------+
; Option            ; Setting             ;
+-------------------+---------------------+
; Start date & time ; 06/28/2019 20:02:37 ;
; Main task         ; Compilation         ;
; Revision Name     ; proj_qsys           ;
+-------------------+---------------------+


+----------------------------------------------------------------------------------------------------------------------------------------------------------------------+
; Flow Non-Default Global Settings                                                                                                                                     ;
+-------------------------------------+-------------------------------------------------------------+---------------+---------------------------------+----------------+
; Assignment Name                     ; Value                                                       ; Default Value ; Entity Name                     ; Section Id     ;
+-------------------------------------+-------------------------------------------------------------+---------------+---------------------------------+----------------+
; COMPILER_SIGNATURE_ID               ; 233916154374424.156171615707520                             ; --            ; --                              ; --             ;
; EDA_OUTPUT_DATA_FORMAT              ; Verilog Hdl                                                 ; --            ; --                              ; eda_simulation ;
; EDA_SIMULATION_TOOL                 ; ModelSim-Altera (Verilog)                                   ; <None>        ; --                              ; --             ;
; IP_TOOL_ENV                         ; Qsys                                                        ; --            ; altera_avalon_sc_fifo           ; --             ;
; IP_TOOL_ENV                         ; Qsys                                                        ; --            ; altera_merlin_master_agent      ; --             ;
; IP_TOOL_ENV                         ; Qsys                                                        ; --            ; altera_merlin_master_translator ; --             ;
; IP_TOOL_ENV                         ; Qsys                                                        ; --            ; altera_merlin_slave_agent       ; --             ;
; IP_TOOL_ENV                         ; Qsys                                                        ; --            ; altera_merlin_slave_translator  ; --             ;
; IP_TOOL_ENV                         ; Qsys                                                        ; --            ; altera_reset_controller         ; --             ;
; IP_TOOL_ENV                         ; Qsys                                                        ; --            ; --                              ; --             ;
; IP_TOOL_ENV                         ; Qsys                                                        ; --            ; proj_qsys_addr_router           ; --             ;
; IP_TOOL_ENV                         ; Qsys                                                        ; --            ; proj_qsys_addr_router_001       ; --             ;
; IP_TOOL_ENV                         ; Qsys                                                        ; --            ; proj_qsys_cmd_xbar_demux        ; --             ;
; IP_TOOL_ENV                         ; Qsys                                                        ; --            ; proj_qsys_cmd_xbar_demux_001    ; --             ;
; IP_TOOL_ENV                         ; Qsys                                                        ; --            ; proj_qsys_cmd_xbar_mux          ; --             ;
; IP_TOOL_ENV                         ; Qsys                                                        ; --            ; proj_qsys_id_router             ; --             ;
; IP_TOOL_ENV                         ; Qsys                                                        ; --            ; proj_qsys_id_router_002         ; --             ;
; IP_TOOL_ENV                         ; Qsys                                                        ; --            ; proj_qsys_irq_mapper            ; --             ;
; IP_TOOL_ENV                         ; Qsys                                                        ; --            ; proj_qsys_jtag_uart_0           ; --             ;
; IP_TOOL_ENV                         ; Qsys                                                        ; --            ; proj_qsys_nios2_qsys_0          ; --             ;
; IP_TOOL_ENV                         ; Qsys                                                        ; --            ; proj_qsys_onchip_memory2_0      ; --             ;
; IP_TOOL_ENV                         ; Qsys                                                        ; --            ; proj_qsys_rsp_xbar_demux_002    ; --             ;
; IP_TOOL_ENV                         ; Qsys                                                        ; --            ; proj_qsys_rsp_xbar_mux          ; --             ;
; IP_TOOL_ENV                         ; Qsys                                                        ; --            ; proj_qsys_rsp_xbar_mux_001      ; --             ;
; IP_TOOL_NAME                        ; altera_avalon_sc_fifo                                       ; --            ; altera_avalon_sc_fifo           ; --             ;
; IP_TOOL_NAME                        ; altera_merlin_master_agent                                  ; --            ; altera_merlin_master_agent      ; --             ;
; IP_TOOL_NAME                        ; altera_merlin_master_translator                             ; --            ; altera_merlin_master_translator ; --             ;
; IP_TOOL_NAME                        ; altera_merlin_slave_agent                                   ; --            ; altera_merlin_slave_agent       ; --             ;
; IP_TOOL_NAME                        ; altera_merlin_slave_translator                              ; --            ; altera_merlin_slave_translator  ; --             ;
; IP_TOOL_NAME                        ; altera_reset_controller                                     ; --            ; altera_reset_controller         ; --             ;
; IP_TOOL_NAME                        ; Qsys                                                        ; --            ; --                              ; --             ;
; IP_TOOL_NAME                        ; altera_merlin_router                                        ; --            ; proj_qsys_addr_router           ; --             ;
; IP_TOOL_NAME                        ; altera_merlin_router                                        ; --            ; proj_qsys_addr_router_001       ; --             ;
; IP_TOOL_NAME                        ; altera_merlin_demultiplexer                                 ; --            ; proj_qsys_cmd_xbar_demux        ; --             ;
; IP_TOOL_NAME                        ; altera_merlin_demultiplexer                                 ; --            ; proj_qsys_cmd_xbar_demux_001    ; --             ;
; IP_TOOL_NAME                        ; altera_merlin_multiplexer                                   ; --            ; proj_qsys_cmd_xbar_mux          ; --             ;
; IP_TOOL_NAME                        ; altera_merlin_router                                        ; --            ; proj_qsys_id_router             ; --             ;
; IP_TOOL_NAME                        ; altera_merlin_router                                        ; --            ; proj_qsys_id_router_002         ; --             ;
; IP_TOOL_NAME                        ; altera_irq_mapper                                           ; --            ; proj_qsys_irq_mapper            ; --             ;
; IP_TOOL_NAME                        ; altera_avalon_jtag_uart                                     ; --            ; proj_qsys_jtag_uart_0           ; --             ;
; IP_TOOL_NAME                        ; altera_nios2_qsys                                           ; --            ; proj_qsys_nios2_qsys_0          ; --             ;
; IP_TOOL_NAME                        ; altera_avalon_onchip_memory2                                ; --            ; proj_qsys_onchip_memory2_0      ; --             ;
; IP_TOOL_NAME                        ; altera_merlin_demultiplexer                                 ; --            ; proj_qsys_rsp_xbar_demux_002    ; --             ;
; IP_TOOL_NAME                        ; altera_merlin_multiplexer                                   ; --            ; proj_qsys_rsp_xbar_mux          ; --             ;
; IP_TOOL_NAME                        ; altera_merlin_multiplexer                                   ; --            ; proj_qsys_rsp_xbar_mux_001      ; --             ;
; IP_TOOL_VERSION                     ; 13.0                                                        ; --            ; altera_avalon_sc_fifo           ; --             ;
; IP_TOOL_VERSION                     ; 13.0                                                        ; --            ; altera_merlin_master_agent      ; --             ;
; IP_TOOL_VERSION                     ; 13.0                                                        ; --            ; altera_merlin_master_translator ; --             ;
; IP_TOOL_VERSION                     ; 13.0                                                        ; --            ; altera_merlin_slave_agent       ; --             ;
; IP_TOOL_VERSION                     ; 13.0                                                        ; --            ; altera_merlin_slave_translator  ; --             ;
; IP_TOOL_VERSION                     ; 13.0                                                        ; --            ; altera_reset_controller         ; --             ;
; IP_TOOL_VERSION                     ; 13.0                                                        ; --            ; --                              ; --             ;
; IP_TOOL_VERSION                     ; 13.0                                                        ; --            ; proj_qsys_addr_router           ; --             ;
; IP_TOOL_VERSION                     ; 13.0                                                        ; --            ; proj_qsys_addr_router_001       ; --             ;
; IP_TOOL_VERSION                     ; 13.0                                                        ; --            ; proj_qsys_cmd_xbar_demux        ; --             ;
; IP_TOOL_VERSION                     ; 13.0                                                        ; --            ; proj_qsys_cmd_xbar_demux_001    ; --             ;
; IP_TOOL_VERSION                     ; 13.0                                                        ; --            ; proj_qsys_cmd_xbar_mux          ; --             ;
; IP_TOOL_VERSION                     ; 13.0                                                        ; --            ; proj_qsys_id_router             ; --             ;
; IP_TOOL_VERSION                     ; 13.0                                                        ; --            ; proj_qsys_id_router_002         ; --             ;
; IP_TOOL_VERSION                     ; 13.0                                                        ; --            ; proj_qsys_irq_mapper            ; --             ;
; IP_TOOL_VERSION                     ; 13.0.1                                                      ; --            ; proj_qsys_jtag_uart_0           ; --             ;
; IP_TOOL_VERSION                     ; 13.0                                                        ; --            ; proj_qsys_nios2_qsys_0          ; --             ;
; IP_TOOL_VERSION                     ; 13.0.1                                                      ; --            ; proj_qsys_onchip_memory2_0      ; --             ;
; IP_TOOL_VERSION                     ; 13.0                                                        ; --            ; proj_qsys_rsp_xbar_demux_002    ; --             ;
; IP_TOOL_VERSION                     ; 13.0                                                        ; --            ; proj_qsys_rsp_xbar_mux          ; --             ;
; IP_TOOL_VERSION                     ; 13.0                                                        ; --            ; proj_qsys_rsp_xbar_mux_001      ; --             ;
; MAX_CORE_JUNCTION_TEMP              ; 85                                                          ; --            ; --                              ; --             ;
; MIN_CORE_JUNCTION_TEMP              ; 0                                                           ; --            ; --                              ; --             ;
; MISC_FILE                           ; proj_qsys/synthesis/../../proj_qsys.cmp                     ; --            ; --                              ; --             ;
; MISC_FILE                           ; proj_qsys/synthesis/../../proj_qsys.qsys                    ; --            ; --                              ; --             ;
; PARTITION_COLOR                     ; 16764057                                                    ; --            ; --                              ; Top            ;
; PARTITION_FITTER_PRESERVATION_LEVEL ; PLACEMENT_AND_ROUTING                                       ; --            ; --                              ; Top            ;
; PARTITION_NETLIST_TYPE              ; SOURCE                                                      ; --            ; --                              ; Top            ;
; POWER_BOARD_THERMAL_MODEL           ; None (CONSERVATIVE)                                         ; --            ; --                              ; --             ;
; POWER_PRESET_COOLING_SOLUTION       ; 23 MM HEAT SINK WITH 200 LFPM AIRFLOW                       ; --            ; --                              ; --             ;
; PROJECT_OUTPUT_DIRECTORY            ; output_files                                                ; --            ; --                              ; --             ;
; SLD_INFO                            ; QSYS_NAME proj_qsys HAS_SOPCINFO 1 GENERATION_ID 1561715864 ; --            ; --                              ; --             ;
; SOPCINFO_FILE                       ; proj_qsys/synthesis/../../proj_qsys.sopcinfo                ; --            ; --                              ; --             ;
; SYNTHESIS_ONLY_QIP                  ; On                                                          ; --            ; --                              ; --             ;
+-------------------------------------+-------------------------------------------------------------+---------------+---------------------------------+----------------+


+-------------------------------------------------------------------------------------------------------------------------------+
; Flow Elapsed Time                                                                                                             ;
+---------------------------+--------------+-------------------------+---------------------+------------------------------------+
; Module Name               ; Elapsed Time ; Average Processors Used ; Peak Virtual Memory ; Total CPU Time (on all processors) ;
+---------------------------+--------------+-------------------------+---------------------+------------------------------------+
; Analysis & Synthesis      ; 00:00:13     ; 1.0                     ; 4703 MB             ; 00:00:13                           ;
; Fitter                    ; 00:00:14     ; 1.0                     ; 4813 MB             ; 00:00:14                           ;
; Assembler                 ; 00:00:03     ; 1.0                     ; 4560 MB             ; 00:00:03                           ;
; TimeQuest Timing Analyzer ; 00:00:02     ; 1.0                     ; 4573 MB             ; 00:00:02                           ;
; EDA Netlist Writer        ; 00:00:02     ; 1.0                     ; 4540 MB             ; 00:00:02                           ;
; Total                     ; 00:00:34     ; --                      ; --                  ; 00:00:34                           ;
+---------------------------+--------------+-------------------------+---------------------+------------------------------------+


+----------------------------------------------------------------------------------------+
; Flow OS Summary                                                                        ;
+---------------------------+------------------+-----------+------------+----------------+
; Module Name               ; Machine Hostname ; OS Name   ; OS Version ; Processor type ;
+---------------------------+------------------+-----------+------------+----------------+
; Analysis & Synthesis      ; DESKTOP-4AG2ISP  ; Windows 7 ; 6.2        ; x86_64         ;
; Fitter                    ; DESKTOP-4AG2ISP  ; Windows 7 ; 6.2        ; x86_64         ;
; Assembler                 ; DESKTOP-4AG2ISP  ; Windows 7 ; 6.2        ; x86_64         ;
; TimeQuest Timing Analyzer ; DESKTOP-4AG2ISP  ; Windows 7 ; 6.2        ; x86_64         ;
; EDA Netlist Writer        ; DESKTOP-4AG2ISP  ; Windows 7 ; 6.2        ; x86_64         ;
+---------------------------+------------------+-----------+------------+----------------+


------------
; Flow Log ;
------------
quartus_map --read_settings_files=on --write_settings_files=off helloworld -c proj_qsys
quartus_fit --read_settings_files=off --write_settings_files=off helloworld -c proj_qsys
quartus_asm --read_settings_files=off --write_settings_files=off helloworld -c proj_qsys
quartus_sta helloworld -c proj_qsys
quartus_eda --read_settings_files=off --write_settings_files=off helloworld -c proj_qsys



