Analysis & Synthesis report for game_display
Mon Mar 04 17:59:37 2019
Quartus Prime Version 18.1.0 Build 625 09/12/2018 SJ Lite Edition


---------------------
; Table of Contents ;
---------------------
  1. Legal Notice
  2. Analysis & Synthesis Summary
  3. Analysis & Synthesis Settings
  4. Parallel Compilation
  5. Analysis & Synthesis Source Files Read
  6. Analysis & Synthesis Resource Usage Summary
  7. Analysis & Synthesis Resource Utilization by Entity
  8. User-Specified and Inferred Latches
  9. Registers Removed During Synthesis
 10. General Register Statistics
 11. Inverted Register Statistics
 12. Multiplexer Restructuring Statistics (Restructuring Performed)
 13. Parameter Settings for User Entity Instance: uart:u_uart
 14. Port Connectivity Checks: "uart:u_uart"
 15. Post-Synthesis Netlist Statistics for Top Partition
 16. Elapsed Time Per Partition
 17. Analysis & Synthesis Messages
 18. Analysis & Synthesis Suppressed Messages



----------------
; Legal Notice ;
----------------
Copyright (C) 2018  Intel Corporation. All rights reserved.
Your use of Intel Corporation's design tools, logic functions 
and other software and tools, and its AMPP partner logic 
functions, and any output files from any of the foregoing 
(including device programming or simulation files), and any 
associated documentation or information are expressly subject 
to the terms and conditions of the Intel Program License 
Subscription Agreement, the Intel Quartus Prime License Agreement,
the Intel FPGA IP License Agreement, or other applicable license
agreement, including, without limitation, that your use is for
the sole purpose of programming logic devices manufactured by
Intel and sold by Intel or its authorized distributors.  Please
refer to the applicable agreement for further details.



+-------------------------------------------------------------------------------+
; Analysis & Synthesis Summary                                                  ;
+---------------------------------+---------------------------------------------+
; Analysis & Synthesis Status     ; Successful - Mon Mar 04 17:59:37 2019       ;
; Quartus Prime Version           ; 18.1.0 Build 625 09/12/2018 SJ Lite Edition ;
; Revision Name                   ; game_display                                ;
; Top-level Entity Name           ; game_display                                ;
; Family                          ; Cyclone V                                   ;
; Logic utilization (in ALMs)     ; N/A                                         ;
; Total registers                 ; 154                                         ;
; Total pins                      ; 25                                          ;
; Total virtual pins              ; 0                                           ;
; Total block memory bits         ; 0                                           ;
; Total DSP Blocks                ; 0                                           ;
; Total HSSI RX PCSs              ; 0                                           ;
; Total HSSI PMA RX Deserializers ; 0                                           ;
; Total HSSI TX PCSs              ; 0                                           ;
; Total HSSI PMA TX Serializers   ; 0                                           ;
; Total PLLs                      ; 0                                           ;
; Total DLLs                      ; 0                                           ;
+---------------------------------+---------------------------------------------+


+---------------------------------------------------------------------------------------------------------------------------+
; Analysis & Synthesis Settings                                                                                             ;
+---------------------------------------------------------------------------------+--------------------+--------------------+
; Option                                                                          ; Setting            ; Default Value      ;
+---------------------------------------------------------------------------------+--------------------+--------------------+
; Device                                                                          ; 5CSEBA6U23I7DK     ;                    ;
; Top-level entity name                                                           ; game_display       ; game_display       ;
; Family name                                                                     ; Cyclone V          ; Cyclone V          ;
; Use smart compilation                                                           ; Off                ; Off                ;
; Enable parallel Assembler and Timing Analyzer during compilation                ; On                 ; On                 ;
; Enable compact report table                                                     ; Off                ; Off                ;
; Restructure Multiplexers                                                        ; Auto               ; Auto               ;
; MLAB Add Timing Constraints For Mixed-Port Feed-Through Mode Setting Don't Care ; Off                ; Off                ;
; Create Debugging Nodes for IP Cores                                             ; Off                ; Off                ;
; Preserve fewer node names                                                       ; On                 ; On                 ;
; Intel FPGA IP Evaluation Mode                                                   ; Enable             ; Enable             ;
; Verilog Version                                                                 ; Verilog_2001       ; Verilog_2001       ;
; VHDL Version                                                                    ; VHDL_1993          ; VHDL_1993          ;
; State Machine Processing                                                        ; Auto               ; Auto               ;
; Safe State Machine                                                              ; Off                ; Off                ;
; Extract Verilog State Machines                                                  ; On                 ; On                 ;
; Extract VHDL State Machines                                                     ; On                 ; On                 ;
; Ignore Verilog initial constructs                                               ; Off                ; Off                ;
; Iteration limit for constant Verilog loops                                      ; 5000               ; 5000               ;
; Iteration limit for non-constant Verilog loops                                  ; 250                ; 250                ;
; Add Pass-Through Logic to Inferred RAMs                                         ; On                 ; On                 ;
; Infer RAMs from Raw Logic                                                       ; On                 ; On                 ;
; Parallel Synthesis                                                              ; On                 ; On                 ;
; DSP Block Balancing                                                             ; Auto               ; Auto               ;
; NOT Gate Push-Back                                                              ; On                 ; On                 ;
; Power-Up Don't Care                                                             ; On                 ; On                 ;
; Remove Redundant Logic Cells                                                    ; Off                ; Off                ;
; Remove Duplicate Registers                                                      ; On                 ; On                 ;
; Ignore CARRY Buffers                                                            ; Off                ; Off                ;
; Ignore CASCADE Buffers                                                          ; Off                ; Off                ;
; Ignore GLOBAL Buffers                                                           ; Off                ; Off                ;
; Ignore ROW GLOBAL Buffers                                                       ; Off                ; Off                ;
; Ignore LCELL Buffers                                                            ; Off                ; Off                ;
; Ignore SOFT Buffers                                                             ; On                 ; On                 ;
; Limit AHDL Integers to 32 Bits                                                  ; Off                ; Off                ;
; Optimization Technique                                                          ; Balanced           ; Balanced           ;
; Carry Chain Length                                                              ; 70                 ; 70                 ;
; Auto Carry Chains                                                               ; On                 ; On                 ;
; Auto Open-Drain Pins                                                            ; On                 ; On                 ;
; Perform WYSIWYG Primitive Resynthesis                                           ; Off                ; Off                ;
; Auto ROM Replacement                                                            ; On                 ; On                 ;
; Auto RAM Replacement                                                            ; On                 ; On                 ;
; Auto DSP Block Replacement                                                      ; On                 ; On                 ;
; Auto Shift Register Replacement                                                 ; Auto               ; Auto               ;
; Allow Shift Register Merging across Hierarchies                                 ; Auto               ; Auto               ;
; Auto Clock Enable Replacement                                                   ; On                 ; On                 ;
; Strict RAM Replacement                                                          ; Off                ; Off                ;
; Allow Synchronous Control Signals                                               ; On                 ; On                 ;
; Force Use of Synchronous Clear Signals                                          ; Off                ; Off                ;
; Auto Resource Sharing                                                           ; Off                ; Off                ;
; Allow Any RAM Size For Recognition                                              ; Off                ; Off                ;
; Allow Any ROM Size For Recognition                                              ; Off                ; Off                ;
; Allow Any Shift Register Size For Recognition                                   ; Off                ; Off                ;
; Use LogicLock Constraints during Resource Balancing                             ; On                 ; On                 ;
; Ignore translate_off and synthesis_off directives                               ; Off                ; Off                ;
; Timing-Driven Synthesis                                                         ; On                 ; On                 ;
; Report Parameter Settings                                                       ; On                 ; On                 ;
; Report Source Assignments                                                       ; On                 ; On                 ;
; Report Connectivity Checks                                                      ; On                 ; On                 ;
; Ignore Maximum Fan-Out Assignments                                              ; Off                ; Off                ;
; Synchronization Register Chain Length                                           ; 3                  ; 3                  ;
; Power Optimization During Synthesis                                             ; Normal compilation ; Normal compilation ;
; HDL message level                                                               ; Level2             ; Level2             ;
; Suppress Register Optimization Related Messages                                 ; Off                ; Off                ;
; Number of Removed Registers Reported in Synthesis Report                        ; 5000               ; 5000               ;
; Number of Swept Nodes Reported in Synthesis Report                              ; 5000               ; 5000               ;
; Number of Inverted Registers Reported in Synthesis Report                       ; 100                ; 100                ;
; Clock MUX Protection                                                            ; On                 ; On                 ;
; Auto Gated Clock Conversion                                                     ; Off                ; Off                ;
; Block Design Naming                                                             ; Auto               ; Auto               ;
; SDC constraint protection                                                       ; Off                ; Off                ;
; Synthesis Effort                                                                ; Auto               ; Auto               ;
; Shift Register Replacement - Allow Asynchronous Clear Signal                    ; On                 ; On                 ;
; Pre-Mapping Resynthesis Optimization                                            ; Off                ; Off                ;
; Analysis & Synthesis Message Level                                              ; Medium             ; Medium             ;
; Disable Register Merging Across Hierarchies                                     ; Auto               ; Auto               ;
; Resource Aware Inference For Block RAM                                          ; On                 ; On                 ;
; Automatic Parallel Synthesis                                                    ; On                 ; On                 ;
; Partial Reconfiguration Bitstream ID                                            ; Off                ; Off                ;
+---------------------------------------------------------------------------------+--------------------+--------------------+


+------------------------------------------+
; Parallel Compilation                     ;
+----------------------------+-------------+
; Processors                 ; Number      ;
+----------------------------+-------------+
; Number detected on machine ; 8           ;
; Maximum allowed            ; 4           ;
;                            ;             ;
; Average used               ; 1.00        ;
; Maximum used               ; 4           ;
;                            ;             ;
; Usage by Processor         ; % Time Used ;
;     Processor 1            ; 100.0%      ;
;     Processors 2-4         ;   0.0%      ;
+----------------------------+-------------+


+------------------------------------------------------------------------------------------------------------------------------------------------------------------------------+
; Analysis & Synthesis Source Files Read                                                                                                                                       ;
+----------------------------------+-----------------+------------------------+--------------------------------------------------------------------------------------+---------+
; File Name with User-Entered Path ; Used in Netlist ; File Type              ; File Name with Absolute Path                                                         ; Library ;
+----------------------------------+-----------------+------------------------+--------------------------------------------------------------------------------------+---------+
; game_display_new.v               ; yes             ; User Verilog HDL File  ; C:/Mewantha/University/IEEE Arduino Workshop/working/game_display/game_display_new.v ;         ;
; uart.v                           ; yes             ; User Verilog HDL File  ; C:/Mewantha/University/IEEE Arduino Workshop/working/game_display/uart.v             ;         ;
+----------------------------------+-----------------+------------------------+--------------------------------------------------------------------------------------+---------+


+--------------------------------------------------------------+
; Analysis & Synthesis Resource Usage Summary                  ;
+---------------------------------------------+----------------+
; Resource                                    ; Usage          ;
+---------------------------------------------+----------------+
; Estimate of Logic utilization (ALMs needed) ; 128            ;
;                                             ;                ;
; Combinational ALUT usage for logic          ; 213            ;
;     -- 7 input functions                    ; 1              ;
;     -- 6 input functions                    ; 37             ;
;     -- 5 input functions                    ; 40             ;
;     -- 4 input functions                    ; 19             ;
;     -- <=3 input functions                  ; 116            ;
;                                             ;                ;
; Dedicated logic registers                   ; 154            ;
;                                             ;                ;
; I/O pins                                    ; 25             ;
;                                             ;                ;
; Total DSP Blocks                            ; 0              ;
;                                             ;                ;
; Maximum fan-out node                        ; CLOCK_50~input ;
; Maximum fan-out                             ; 154            ;
; Total fan-out                               ; 1348           ;
; Average fan-out                             ; 3.23           ;
+---------------------------------------------+----------------+


+-----------------------------------------------------------------------------------------------------------------------------------------------------------------------------------------------+
; Analysis & Synthesis Resource Utilization by Entity                                                                                                                                           ;
+----------------------------+---------------------+---------------------------+-------------------+------------+------+--------------+---------------------------+--------------+--------------+
; Compilation Hierarchy Node ; Combinational ALUTs ; Dedicated Logic Registers ; Block Memory Bits ; DSP Blocks ; Pins ; Virtual Pins ; Full Hierarchy Name       ; Entity Name  ; Library Name ;
+----------------------------+---------------------+---------------------------+-------------------+------------+------+--------------+---------------------------+--------------+--------------+
; |game_display              ; 213 (147)           ; 154 (72)                  ; 0                 ; 0          ; 25   ; 0            ; |game_display             ; game_display ; work         ;
;    |uart:u_uart|           ; 66 (66)             ; 82 (82)                   ; 0                 ; 0          ; 0    ; 0            ; |game_display|uart:u_uart ; uart         ; work         ;
+----------------------------+---------------------+---------------------------+-------------------+------------+------+--------------+---------------------------+--------------+--------------+
Note: For table entries with two numbers listed, the numbers in parentheses indicate the number of resources of the given type used by the specific entity alone. The numbers listed outside of parentheses indicate the total resources of the given type used by the specific entity and all of its sub-entities in the hierarchy.


+---------------------------------------------------------------------------------------------------+
; User-Specified and Inferred Latches                                                               ;
+----------------------------------------------------+---------------------+------------------------+
; Latch Name                                         ; Latch Enable Signal ; Free of Timing Hazards ;
+----------------------------------------------------+---------------------+------------------------+
; uart:u_uart|rx_data[0]                             ; uart:u_uart|rx_data ; yes                    ;
; uart:u_uart|rx_data[1]                             ; uart:u_uart|rx_data ; yes                    ;
; uart:u_uart|rx_data[2]                             ; uart:u_uart|rx_data ; yes                    ;
; uart:u_uart|rx_data[3]                             ; uart:u_uart|rx_data ; yes                    ;
; uart:u_uart|rx_data[4]                             ; uart:u_uart|rx_data ; yes                    ;
; uart:u_uart|rx_data[5]                             ; uart:u_uart|rx_data ; yes                    ;
; uart:u_uart|rx_data[6]                             ; uart:u_uart|rx_data ; yes                    ;
; uart:u_uart|rx_data[7]                             ; uart:u_uart|rx_data ; yes                    ;
; Number of user-specified and inferred latches = 8  ;                     ;                        ;
+----------------------------------------------------+---------------------+------------------------+
Note: All latches listed above may not be present at the end of synthesis due to various synthesis optimizations.


+--------------------------------------------------------------------------------+
; Registers Removed During Synthesis                                             ;
+---------------------------------------+----------------------------------------+
; Register name                         ; Reason for Removal                     ;
+---------------------------------------+----------------------------------------+
; uart:u_uart|tx_data_reg[0]            ; Stuck at GND due to stuck port data_in ;
; Total Number of Removed Registers = 1 ;                                        ;
+---------------------------------------+----------------------------------------+


+------------------------------------------------------+
; General Register Statistics                          ;
+----------------------------------------------+-------+
; Statistic                                    ; Value ;
+----------------------------------------------+-------+
; Total registers                              ; 154   ;
; Number of registers using Synchronous Clear  ; 37    ;
; Number of registers using Synchronous Load   ; 0     ;
; Number of registers using Asynchronous Clear ; 118   ;
; Number of registers using Asynchronous Load  ; 0     ;
; Number of registers using Clock Enable       ; 75    ;
; Number of registers using Preset             ; 0     ;
+----------------------------------------------+-------+


+--------------------------------------------------+
; Inverted Register Statistics                     ;
+----------------------------------------+---------+
; Inverted Register                      ; Fan out ;
+----------------------------------------+---------+
; player_y[0][0][8]                      ; 2       ;
; player_y[0][0][5]                      ; 2       ;
; player_y[0][0][2]                      ; 2       ;
; player_y[0][0][3]                      ; 2       ;
; player_x[0][0][8]                      ; 2       ;
; player_x[0][0][4]                      ; 2       ;
; player_x[0][0][7]                      ; 2       ;
; Total number of inverted registers = 7 ;         ;
+----------------------------------------+---------+


+-------------------------------------------------------------------------------------------------------------------------------------------------------+
; Multiplexer Restructuring Statistics (Restructuring Performed)                                                                                        ;
+--------------------+-----------+---------------+----------------------+------------------------+------------+-----------------------------------------+
; Multiplexer Inputs ; Bus Width ; Baseline Area ; Area if Restructured ; Saving if Restructured ; Registered ; Example Multiplexer Output              ;
+--------------------+-----------+---------------+----------------------+------------------------+------------+-----------------------------------------+
; 3:1                ; 4 bits    ; 8 LEs         ; 4 LEs                ; 4 LEs                  ; Yes        ; |game_display|uart:u_uart|bit_cnt_tx[0] ;
; 3:1                ; 4 bits    ; 8 LEs         ; 4 LEs                ; 4 LEs                  ; Yes        ; |game_display|uart:u_uart|bit_cnt[3]    ;
+--------------------+-----------+---------------+----------------------+------------------------+------------+-----------------------------------------+


+----------------------------------------------------------+
; Parameter Settings for User Entity Instance: uart:u_uart ;
+----------------+-------+---------------------------------+
; Parameter Name ; Value ; Type                            ;
+----------------+-------+---------------------------------+
; UART_4800      ; 10416 ; Signed Integer                  ;
; UART_9600      ; 5208  ; Signed Integer                  ;
; UART_19200     ; 2604  ; Signed Integer                  ;
; UART_57600     ; 108   ; Signed Integer                  ;
; UART_115200    ; 54    ; Signed Integer                  ;
+----------------+-------+---------------------------------+
Note: In order to hide this table in the UI and the text report file, please set the "Show Parameter Settings in Synthesis Report" option in "Analysis and Synthesis Settings -> More Settings" to "Off".


+-----------------------------------------------------------------------------------------------------------------------------------------+
; Port Connectivity Checks: "uart:u_uart"                                                                                                 ;
+----------+--------+----------+----------------------------------------------------------------------------------------------------------+
; Port     ; Type   ; Severity ; Details                                                                                                  ;
+----------+--------+----------+----------------------------------------------------------------------------------------------------------+
; rx_empty ; Output ; Warning  ; Declared by entity but not connected by instance. Logic that only feeds a dangling port will be removed. ;
+----------+--------+----------+----------------------------------------------------------------------------------------------------------+


+-----------------------------------------------------+
; Post-Synthesis Netlist Statistics for Top Partition ;
+-----------------------+-----------------------------+
; Type                  ; Count                       ;
+-----------------------+-----------------------------+
; arriav_ff             ; 154                         ;
;     CLR               ; 37                          ;
;     CLR SCLR          ; 16                          ;
;     ENA CLR           ; 65                          ;
;     ENA SCLR          ; 10                          ;
;     SCLR              ; 11                          ;
;     plain             ; 15                          ;
; arriav_lcell_comb     ; 217                         ;
;     arith             ; 72                          ;
;         1 data inputs ; 53                          ;
;         2 data inputs ; 1                           ;
;         3 data inputs ; 18                          ;
;     extend            ; 1                           ;
;         7 data inputs ; 1                           ;
;     normal            ; 144                         ;
;         0 data inputs ; 1                           ;
;         1 data inputs ; 12                          ;
;         2 data inputs ; 14                          ;
;         3 data inputs ; 21                          ;
;         4 data inputs ; 19                          ;
;         5 data inputs ; 40                          ;
;         6 data inputs ; 37                          ;
; boundary_port         ; 25                          ;
;                       ;                             ;
; Max LUT depth         ; 4.70                        ;
; Average LUT depth     ; 2.42                        ;
+-----------------------+-----------------------------+


+-------------------------------+
; Elapsed Time Per Partition    ;
+----------------+--------------+
; Partition Name ; Elapsed Time ;
+----------------+--------------+
; Top            ; 00:00:00     ;
+----------------+--------------+


+-------------------------------+
; Analysis & Synthesis Messages ;
+-------------------------------+
Info: *******************************************************************
Info: Running Quartus Prime Analysis & Synthesis
    Info: Version 18.1.0 Build 625 09/12/2018 SJ Lite Edition
    Info: Processing started: Mon Mar 04 17:59:23 2019
Info: Command: quartus_map --read_settings_files=on --write_settings_files=off game_display -c game_display
Warning (18236): Number of processors has not been specified which may cause overloading on shared machines.  Set the global assignment NUM_PARALLEL_PROCESSORS in your QSF to an appropriate value for best performance.
Info (20030): Parallel compilation is enabled and will use 4 of the 4 processors detected
Info (12021): Found 1 design units, including 1 entities, in source file game_display_new.v
    Info (12023): Found entity 1: game_display File: C:/Mewantha/University/IEEE Arduino Workshop/working/game_display/game_display_new.v Line: 4
Info (12021): Found 1 design units, including 1 entities, in source file uart.v
    Info (12023): Found entity 1: uart File: C:/Mewantha/University/IEEE Arduino Workshop/working/game_display/uart.v Line: 2
Info (12127): Elaborating entity "game_display" for the top level hierarchy
Warning (10858): Verilog HDL warning at game_display_new.v(92): object disp_arn_bndry_lhs1 used but never assigned File: C:/Mewantha/University/IEEE Arduino Workshop/working/game_display/game_display_new.v Line: 92
Warning (10858): Verilog HDL warning at game_display_new.v(93): object disp_arn_bndry_lhs2 used but never assigned File: C:/Mewantha/University/IEEE Arduino Workshop/working/game_display/game_display_new.v Line: 93
Warning (10858): Verilog HDL warning at game_display_new.v(94): object disp_arn_bndry_rhs1 used but never assigned File: C:/Mewantha/University/IEEE Arduino Workshop/working/game_display/game_display_new.v Line: 94
Warning (10858): Verilog HDL warning at game_display_new.v(95): object disp_arn_bndry_rhs2 used but never assigned File: C:/Mewantha/University/IEEE Arduino Workshop/working/game_display/game_display_new.v Line: 95
Warning (10858): Verilog HDL warning at game_display_new.v(99): object disp_arn_midline used but never assigned File: C:/Mewantha/University/IEEE Arduino Workshop/working/game_display/game_display_new.v Line: 99
Warning (10230): Verilog HDL assignment warning at game_display_new.v(135): truncated value with size 32 to match size of target (10) File: C:/Mewantha/University/IEEE Arduino Workshop/working/game_display/game_display_new.v Line: 135
Warning (10230): Verilog HDL assignment warning at game_display_new.v(137): truncated value with size 32 to match size of target (11) File: C:/Mewantha/University/IEEE Arduino Workshop/working/game_display/game_display_new.v Line: 137
Warning (10230): Verilog HDL assignment warning at game_display_new.v(228): truncated value with size 32 to match size of target (10) File: C:/Mewantha/University/IEEE Arduino Workshop/working/game_display/game_display_new.v Line: 228
Warning (10230): Verilog HDL assignment warning at game_display_new.v(229): truncated value with size 32 to match size of target (10) File: C:/Mewantha/University/IEEE Arduino Workshop/working/game_display/game_display_new.v Line: 229
Warning (10230): Verilog HDL assignment warning at game_display_new.v(230): truncated value with size 32 to match size of target (10) File: C:/Mewantha/University/IEEE Arduino Workshop/working/game_display/game_display_new.v Line: 230
Warning (10230): Verilog HDL assignment warning at game_display_new.v(231): truncated value with size 32 to match size of target (10) File: C:/Mewantha/University/IEEE Arduino Workshop/working/game_display/game_display_new.v Line: 231
Warning (10230): Verilog HDL assignment warning at game_display_new.v(243): truncated value with size 32 to match size of target (10) File: C:/Mewantha/University/IEEE Arduino Workshop/working/game_display/game_display_new.v Line: 243
Warning (10230): Verilog HDL assignment warning at game_display_new.v(244): truncated value with size 32 to match size of target (10) File: C:/Mewantha/University/IEEE Arduino Workshop/working/game_display/game_display_new.v Line: 244
Warning (10230): Verilog HDL assignment warning at game_display_new.v(245): truncated value with size 32 to match size of target (10) File: C:/Mewantha/University/IEEE Arduino Workshop/working/game_display/game_display_new.v Line: 245
Warning (10230): Verilog HDL assignment warning at game_display_new.v(246): truncated value with size 32 to match size of target (10) File: C:/Mewantha/University/IEEE Arduino Workshop/working/game_display/game_display_new.v Line: 246
Warning (10030): Net "disp_arn_bndry_lhs1" at game_display_new.v(92) has no driver or initial value, using a default initial value '0' File: C:/Mewantha/University/IEEE Arduino Workshop/working/game_display/game_display_new.v Line: 92
Warning (10030): Net "disp_arn_bndry_lhs2" at game_display_new.v(93) has no driver or initial value, using a default initial value '0' File: C:/Mewantha/University/IEEE Arduino Workshop/working/game_display/game_display_new.v Line: 93
Warning (10030): Net "disp_arn_bndry_rhs1" at game_display_new.v(94) has no driver or initial value, using a default initial value '0' File: C:/Mewantha/University/IEEE Arduino Workshop/working/game_display/game_display_new.v Line: 94
Warning (10030): Net "disp_arn_bndry_rhs2" at game_display_new.v(95) has no driver or initial value, using a default initial value '0' File: C:/Mewantha/University/IEEE Arduino Workshop/working/game_display/game_display_new.v Line: 95
Warning (10030): Net "disp_arn_midline" at game_display_new.v(99) has no driver or initial value, using a default initial value '0' File: C:/Mewantha/University/IEEE Arduino Workshop/working/game_display/game_display_new.v Line: 99
Info (10041): Inferred latch for "player_y[0][1][0]" at game_display_new.v(239) File: C:/Mewantha/University/IEEE Arduino Workshop/working/game_display/game_display_new.v Line: 239
Info (10041): Inferred latch for "player_y[0][1][1]" at game_display_new.v(239) File: C:/Mewantha/University/IEEE Arduino Workshop/working/game_display/game_display_new.v Line: 239
Info (10041): Inferred latch for "player_y[0][1][2]" at game_display_new.v(239) File: C:/Mewantha/University/IEEE Arduino Workshop/working/game_display/game_display_new.v Line: 239
Info (10041): Inferred latch for "player_y[0][1][3]" at game_display_new.v(239) File: C:/Mewantha/University/IEEE Arduino Workshop/working/game_display/game_display_new.v Line: 239
Info (10041): Inferred latch for "player_y[0][1][4]" at game_display_new.v(239) File: C:/Mewantha/University/IEEE Arduino Workshop/working/game_display/game_display_new.v Line: 239
Info (10041): Inferred latch for "player_y[0][1][5]" at game_display_new.v(239) File: C:/Mewantha/University/IEEE Arduino Workshop/working/game_display/game_display_new.v Line: 239
Info (10041): Inferred latch for "player_y[0][1][6]" at game_display_new.v(239) File: C:/Mewantha/University/IEEE Arduino Workshop/working/game_display/game_display_new.v Line: 239
Info (10041): Inferred latch for "player_y[0][1][7]" at game_display_new.v(239) File: C:/Mewantha/University/IEEE Arduino Workshop/working/game_display/game_display_new.v Line: 239
Info (10041): Inferred latch for "player_y[0][1][8]" at game_display_new.v(239) File: C:/Mewantha/University/IEEE Arduino Workshop/working/game_display/game_display_new.v Line: 239
Info (10041): Inferred latch for "player_y[0][1][9]" at game_display_new.v(239) File: C:/Mewantha/University/IEEE Arduino Workshop/working/game_display/game_display_new.v Line: 239
Info (10041): Inferred latch for "player_y[0][2][0]" at game_display_new.v(239) File: C:/Mewantha/University/IEEE Arduino Workshop/working/game_display/game_display_new.v Line: 239
Info (10041): Inferred latch for "player_y[0][2][1]" at game_display_new.v(239) File: C:/Mewantha/University/IEEE Arduino Workshop/working/game_display/game_display_new.v Line: 239
Info (10041): Inferred latch for "player_y[0][2][2]" at game_display_new.v(239) File: C:/Mewantha/University/IEEE Arduino Workshop/working/game_display/game_display_new.v Line: 239
Info (10041): Inferred latch for "player_y[0][2][3]" at game_display_new.v(239) File: C:/Mewantha/University/IEEE Arduino Workshop/working/game_display/game_display_new.v Line: 239
Info (10041): Inferred latch for "player_y[0][2][4]" at game_display_new.v(239) File: C:/Mewantha/University/IEEE Arduino Workshop/working/game_display/game_display_new.v Line: 239
Info (10041): Inferred latch for "player_y[0][2][5]" at game_display_new.v(239) File: C:/Mewantha/University/IEEE Arduino Workshop/working/game_display/game_display_new.v Line: 239
Info (10041): Inferred latch for "player_y[0][2][6]" at game_display_new.v(239) File: C:/Mewantha/University/IEEE Arduino Workshop/working/game_display/game_display_new.v Line: 239
Info (10041): Inferred latch for "player_y[0][2][7]" at game_display_new.v(239) File: C:/Mewantha/University/IEEE Arduino Workshop/working/game_display/game_display_new.v Line: 239
Info (10041): Inferred latch for "player_y[0][2][8]" at game_display_new.v(239) File: C:/Mewantha/University/IEEE Arduino Workshop/working/game_display/game_display_new.v Line: 239
Info (10041): Inferred latch for "player_y[0][2][9]" at game_display_new.v(239) File: C:/Mewantha/University/IEEE Arduino Workshop/working/game_display/game_display_new.v Line: 239
Info (10041): Inferred latch for "player_y[0][3][0]" at game_display_new.v(239) File: C:/Mewantha/University/IEEE Arduino Workshop/working/game_display/game_display_new.v Line: 239
Info (10041): Inferred latch for "player_y[0][3][1]" at game_display_new.v(239) File: C:/Mewantha/University/IEEE Arduino Workshop/working/game_display/game_display_new.v Line: 239
Info (10041): Inferred latch for "player_y[0][3][2]" at game_display_new.v(239) File: C:/Mewantha/University/IEEE Arduino Workshop/working/game_display/game_display_new.v Line: 239
Info (10041): Inferred latch for "player_y[0][3][3]" at game_display_new.v(239) File: C:/Mewantha/University/IEEE Arduino Workshop/working/game_display/game_display_new.v Line: 239
Info (10041): Inferred latch for "player_y[0][3][4]" at game_display_new.v(239) File: C:/Mewantha/University/IEEE Arduino Workshop/working/game_display/game_display_new.v Line: 239
Info (10041): Inferred latch for "player_y[0][3][5]" at game_display_new.v(239) File: C:/Mewantha/University/IEEE Arduino Workshop/working/game_display/game_display_new.v Line: 239
Info (10041): Inferred latch for "player_y[0][3][6]" at game_display_new.v(239) File: C:/Mewantha/University/IEEE Arduino Workshop/working/game_display/game_display_new.v Line: 239
Info (10041): Inferred latch for "player_y[0][3][7]" at game_display_new.v(239) File: C:/Mewantha/University/IEEE Arduino Workshop/working/game_display/game_display_new.v Line: 239
Info (10041): Inferred latch for "player_y[0][3][8]" at game_display_new.v(239) File: C:/Mewantha/University/IEEE Arduino Workshop/working/game_display/game_display_new.v Line: 239
Info (10041): Inferred latch for "player_y[0][3][9]" at game_display_new.v(239) File: C:/Mewantha/University/IEEE Arduino Workshop/working/game_display/game_display_new.v Line: 239
Info (10041): Inferred latch for "player_x[0][1][0]" at game_display_new.v(224) File: C:/Mewantha/University/IEEE Arduino Workshop/working/game_display/game_display_new.v Line: 224
Info (10041): Inferred latch for "player_x[0][1][1]" at game_display_new.v(224) File: C:/Mewantha/University/IEEE Arduino Workshop/working/game_display/game_display_new.v Line: 224
Info (10041): Inferred latch for "player_x[0][1][2]" at game_display_new.v(224) File: C:/Mewantha/University/IEEE Arduino Workshop/working/game_display/game_display_new.v Line: 224
Info (10041): Inferred latch for "player_x[0][1][3]" at game_display_new.v(224) File: C:/Mewantha/University/IEEE Arduino Workshop/working/game_display/game_display_new.v Line: 224
Info (10041): Inferred latch for "player_x[0][1][4]" at game_display_new.v(224) File: C:/Mewantha/University/IEEE Arduino Workshop/working/game_display/game_display_new.v Line: 224
Info (10041): Inferred latch for "player_x[0][1][5]" at game_display_new.v(224) File: C:/Mewantha/University/IEEE Arduino Workshop/working/game_display/game_display_new.v Line: 224
Info (10041): Inferred latch for "player_x[0][1][6]" at game_display_new.v(224) File: C:/Mewantha/University/IEEE Arduino Workshop/working/game_display/game_display_new.v Line: 224
Info (10041): Inferred latch for "player_x[0][1][7]" at game_display_new.v(224) File: C:/Mewantha/University/IEEE Arduino Workshop/working/game_display/game_display_new.v Line: 224
Info (10041): Inferred latch for "player_x[0][1][8]" at game_display_new.v(224) File: C:/Mewantha/University/IEEE Arduino Workshop/working/game_display/game_display_new.v Line: 224
Info (10041): Inferred latch for "player_x[0][1][9]" at game_display_new.v(224) File: C:/Mewantha/University/IEEE Arduino Workshop/working/game_display/game_display_new.v Line: 224
Info (10041): Inferred latch for "player_x[0][2][0]" at game_display_new.v(224) File: C:/Mewantha/University/IEEE Arduino Workshop/working/game_display/game_display_new.v Line: 224
Info (10041): Inferred latch for "player_x[0][2][1]" at game_display_new.v(224) File: C:/Mewantha/University/IEEE Arduino Workshop/working/game_display/game_display_new.v Line: 224
Info (10041): Inferred latch for "player_x[0][2][2]" at game_display_new.v(224) File: C:/Mewantha/University/IEEE Arduino Workshop/working/game_display/game_display_new.v Line: 224
Info (10041): Inferred latch for "player_x[0][2][3]" at game_display_new.v(224) File: C:/Mewantha/University/IEEE Arduino Workshop/working/game_display/game_display_new.v Line: 224
Info (10041): Inferred latch for "player_x[0][2][4]" at game_display_new.v(224) File: C:/Mewantha/University/IEEE Arduino Workshop/working/game_display/game_display_new.v Line: 224
Info (10041): Inferred latch for "player_x[0][2][5]" at game_display_new.v(224) File: C:/Mewantha/University/IEEE Arduino Workshop/working/game_display/game_display_new.v Line: 224
Info (10041): Inferred latch for "player_x[0][2][6]" at game_display_new.v(224) File: C:/Mewantha/University/IEEE Arduino Workshop/working/game_display/game_display_new.v Line: 224
Info (10041): Inferred latch for "player_x[0][2][7]" at game_display_new.v(224) File: C:/Mewantha/University/IEEE Arduino Workshop/working/game_display/game_display_new.v Line: 224
Info (10041): Inferred latch for "player_x[0][2][8]" at game_display_new.v(224) File: C:/Mewantha/University/IEEE Arduino Workshop/working/game_display/game_display_new.v Line: 224
Info (10041): Inferred latch for "player_x[0][2][9]" at game_display_new.v(224) File: C:/Mewantha/University/IEEE Arduino Workshop/working/game_display/game_display_new.v Line: 224
Info (10041): Inferred latch for "player_x[0][3][0]" at game_display_new.v(224) File: C:/Mewantha/University/IEEE Arduino Workshop/working/game_display/game_display_new.v Line: 224
Info (10041): Inferred latch for "player_x[0][3][1]" at game_display_new.v(224) File: C:/Mewantha/University/IEEE Arduino Workshop/working/game_display/game_display_new.v Line: 224
Info (10041): Inferred latch for "player_x[0][3][2]" at game_display_new.v(224) File: C:/Mewantha/University/IEEE Arduino Workshop/working/game_display/game_display_new.v Line: 224
Info (10041): Inferred latch for "player_x[0][3][3]" at game_display_new.v(224) File: C:/Mewantha/University/IEEE Arduino Workshop/working/game_display/game_display_new.v Line: 224
Info (10041): Inferred latch for "player_x[0][3][4]" at game_display_new.v(224) File: C:/Mewantha/University/IEEE Arduino Workshop/working/game_display/game_display_new.v Line: 224
Info (10041): Inferred latch for "player_x[0][3][5]" at game_display_new.v(224) File: C:/Mewantha/University/IEEE Arduino Workshop/working/game_display/game_display_new.v Line: 224
Info (10041): Inferred latch for "player_x[0][3][6]" at game_display_new.v(224) File: C:/Mewantha/University/IEEE Arduino Workshop/working/game_display/game_display_new.v Line: 224
Info (10041): Inferred latch for "player_x[0][3][7]" at game_display_new.v(224) File: C:/Mewantha/University/IEEE Arduino Workshop/working/game_display/game_display_new.v Line: 224
Info (10041): Inferred latch for "player_x[0][3][8]" at game_display_new.v(224) File: C:/Mewantha/University/IEEE Arduino Workshop/working/game_display/game_display_new.v Line: 224
Info (10041): Inferred latch for "player_x[0][3][9]" at game_display_new.v(224) File: C:/Mewantha/University/IEEE Arduino Workshop/working/game_display/game_display_new.v Line: 224
Info (10008): Verilog HDL or VHDL information: EDA Netlist Writer cannot regroup multidimensional array "player_x" into its bus
Info (10008): Verilog HDL or VHDL information: EDA Netlist Writer cannot regroup multidimensional array "player_y" into its bus
Info (12128): Elaborating entity "uart" for hierarchy "uart:u_uart" File: C:/Mewantha/University/IEEE Arduino Workshop/working/game_display/game_display_new.v Line: 279
Warning (10034): Output port "test" at uart.v(12) has no driver File: C:/Mewantha/University/IEEE Arduino Workshop/working/game_display/uart.v Line: 12
Warning (10034): Output port "rx_empty" at uart.v(8) has no driver File: C:/Mewantha/University/IEEE Arduino Workshop/working/game_display/uart.v Line: 8
Info (10041): Inferred latch for "rx_data[0]" at uart.v(164) File: C:/Mewantha/University/IEEE Arduino Workshop/working/game_display/uart.v Line: 164
Info (10041): Inferred latch for "rx_data[1]" at uart.v(164) File: C:/Mewantha/University/IEEE Arduino Workshop/working/game_display/uart.v Line: 164
Info (10041): Inferred latch for "rx_data[2]" at uart.v(164) File: C:/Mewantha/University/IEEE Arduino Workshop/working/game_display/uart.v Line: 164
Info (10041): Inferred latch for "rx_data[3]" at uart.v(164) File: C:/Mewantha/University/IEEE Arduino Workshop/working/game_display/uart.v Line: 164
Info (10041): Inferred latch for "rx_data[4]" at uart.v(164) File: C:/Mewantha/University/IEEE Arduino Workshop/working/game_display/uart.v Line: 164
Info (10041): Inferred latch for "rx_data[5]" at uart.v(164) File: C:/Mewantha/University/IEEE Arduino Workshop/working/game_display/uart.v Line: 164
Info (10041): Inferred latch for "rx_data[6]" at uart.v(164) File: C:/Mewantha/University/IEEE Arduino Workshop/working/game_display/uart.v Line: 164
Info (10041): Inferred latch for "rx_data[7]" at uart.v(164) File: C:/Mewantha/University/IEEE Arduino Workshop/working/game_display/uart.v Line: 164
Warning (12241): 1 hierarchies have connectivity warnings - see the Connectivity Checks report folder
Warning (13024): Output pins are stuck at VCC or GND
    Warning (13410): Pin "LED[0]" is stuck at GND File: C:/Mewantha/University/IEEE Arduino Workshop/working/game_display/game_display_new.v Line: 36
    Warning (13410): Pin "LED[1]" is stuck at GND File: C:/Mewantha/University/IEEE Arduino Workshop/working/game_display/game_display_new.v Line: 36
    Warning (13410): Pin "LED[2]" is stuck at GND File: C:/Mewantha/University/IEEE Arduino Workshop/working/game_display/game_display_new.v Line: 36
    Warning (13410): Pin "LED[3]" is stuck at GND File: C:/Mewantha/University/IEEE Arduino Workshop/working/game_display/game_display_new.v Line: 36
    Warning (13410): Pin "LED[4]" is stuck at GND File: C:/Mewantha/University/IEEE Arduino Workshop/working/game_display/game_display_new.v Line: 36
    Warning (13410): Pin "LED[5]" is stuck at GND File: C:/Mewantha/University/IEEE Arduino Workshop/working/game_display/game_display_new.v Line: 36
    Warning (13410): Pin "LED[6]" is stuck at GND File: C:/Mewantha/University/IEEE Arduino Workshop/working/game_display/game_display_new.v Line: 36
    Warning (13410): Pin "LED[7]" is stuck at GND File: C:/Mewantha/University/IEEE Arduino Workshop/working/game_display/game_display_new.v Line: 36
Info (286030): Timing-Driven Synthesis is running
Info (144001): Generated suppressed messages file C:/Mewantha/University/IEEE Arduino Workshop/working/game_display/output_files/game_display.map.smsg
Info (16010): Generating hard_block partition "hard_block:auto_generated_inst"
    Info (16011): Adding 0 node(s), including 0 DDIO, 0 PLL, 0 transceiver and 0 LCELL
Warning (21074): Design contains 4 input pin(s) that do not drive logic
    Warning (15610): No output dependent on input pin "uart_baud[0]" File: C:/Mewantha/University/IEEE Arduino Workshop/working/game_display/game_display_new.v Line: 24
    Warning (15610): No output dependent on input pin "uart_baud[1]" File: C:/Mewantha/University/IEEE Arduino Workshop/working/game_display/game_display_new.v Line: 24
    Warning (15610): No output dependent on input pin "uart_baud[2]" File: C:/Mewantha/University/IEEE Arduino Workshop/working/game_display/game_display_new.v Line: 24
    Warning (15610): No output dependent on input pin "uart_baud[3]" File: C:/Mewantha/University/IEEE Arduino Workshop/working/game_display/game_display_new.v Line: 24
Info (21057): Implemented 288 device resources after synthesis - the final resource count might be different
    Info (21058): Implemented 11 input pins
    Info (21059): Implemented 14 output pins
    Info (21061): Implemented 263 logic cells
Info: Quartus Prime Analysis & Synthesis was successful. 0 errors, 38 warnings
    Info: Peak virtual memory: 4852 megabytes
    Info: Processing ended: Mon Mar 04 17:59:37 2019
    Info: Elapsed time: 00:00:14
    Info: Total CPU time (on all processors): 00:00:29


+------------------------------------------+
; Analysis & Synthesis Suppressed Messages ;
+------------------------------------------+
The suppressed messages can be found in C:/Mewantha/University/IEEE Arduino Workshop/working/game_display/output_files/game_display.map.smsg.


