
**** Build of configuration Nios II for project proj_nios ****

make all 
      1 [main] sh 9832 find_fast_cwd: WARNING: Couldn't compute FAST_CWD pointer.  Please report this problem to
the public mailing list cygwin@cygwin.com
      1 [main] sh 13864 find_fast_cwd: WARNING: Couldn't compute FAST_CWD pointer.  Please report this problem to
the public mailing list cygwin@cygwin.com
      1 [main] echo 11912 find_fast_cwd: WARNING: Couldn't compute FAST_CWD pointer.  Please report this problem to
the public mailing list cygwin@cygwin.com
Info: Building ../proj_nios_bsp/
make --no-print-directory -C ../proj_nios_bsp/
      2 [main] pwd 3400 find_fast_cwd: WARNING: Couldn't compute FAST_CWD pointer.  Please report this problem to
the public mailing list cygwin@cygwin.com
      2 [main] sh 15956 find_fast_cwd: WARNING: Couldn't compute FAST_CWD pointer.  Please report this problem to
the public mailing list cygwin@cygwin.com
      1 [main] sh 6312 find_fast_cwd: WARNING: Couldn't compute FAST_CWD pointer.  Please report this problem to
the public mailing list cygwin@cygwin.com
[BSP build complete]
      1 [main] echo 11144 find_fast_cwd: WARNING: Couldn't compute FAST_CWD pointer.  Please report this problem to
Info: Compiling hello_world.c to obj/default/hello_world.o
the public mailing list cygwin@cygwin.com
      1 [main] mkdir 12340 find_fast_cwd: WARNING: Couldn't compute FAST_CWD pointer.  Please report this problem to
the public mailing list cygwin@cygwin.com
nios2-elf-gcc -xc -MP -MMD -c -I../proj_nios_bsp//HAL/inc -I../proj_nios_bsp/ -I../proj_nios_bsp//drivers/inc  -DSYSTEM_BUS_WIDTH=32 -pipe -D__hal__ -DALT_NO_INSTRUCTION_EMULATION -DALT_SINGLE_THREADED    -O0 -g -Wall   -EL -mno-hw-div -mno-hw-mul -mno-hw-mulx  -o obj/default/hello_world.o hello_world.c
      2 [main] true 11760 find_fast_cwd: WARNING: Couldn't compute FAST_CWD pointer.  Please report this problem to
the public mailing list cygwin@cygwin.com
      2 [main] echo 1968 find_fast_cwd: WARNING: Couldn't compute FAST_CWD pointer.  Please report this problem to
Info: Linking proj_nios.elf
the public mailing list cygwin@cygwin.com
nios2-elf-g++  -T'../proj_nios_bsp//linker.x' -msys-crt0='../proj_nios_bsp//obj/HAL/src/crt0.o' -msys-lib=hal_bsp -L../proj_nios_bsp/   -Wl,-Map=proj_nios.map   -O0 -g -Wall   -EL -mno-hw-div -mno-hw-mul -mno-hw-mulx  -o proj_nios.elf obj/default/hello_world.o -lm 
../proj_nios_bsp/\libhal_bsp.a(alt_sys_init.o): In function `alt_sys_init':
C:\Users\Mewa\Desktop\workingrepo\game_display\nios2\software\proj_nios_bsp/alt_sys_init.c:92: warning: Error: Interrupt not connected for JTAG_UART_0. You have selected the interrupt driven version of the ALTERA Avalon JTAG UART driver, but the interrupt is not connected for this device. You can select a polled mode driver by checking the 'small driver' option in the HAL configuration window, or by using the -DALTERA_AVALON_JTAG_UART_SMALL preprocessor flag.
c:/altera/13.0/nios2eds/bin/gnu/h-i686-mingw32/bin/../lib/gcc/nios2-elf/4.1.2/../../../../nios2-elf/bin/ld.exe: proj_nios.elf section `.text' will not fit in region `onchip_memory2_0'
c:/altera/13.0/nios2eds/bin/gnu/h-i686-mingw32/bin/../lib/gcc/nios2-elf/4.1.2/../../../../nios2-elf/bin/ld.exe: address 0x7e4c of proj_nios.elf section `.rwdata' is not within region `onchip_memory2_0'
c:/altera/13.0/nios2eds/bin/gnu/h-i686-mingw32/bin/../lib/gcc/nios2-elf/4.1.2/../../../../nios2-elf/bin/ld.exe: address 0x9b74 of proj_nios.elf section `.bss' is not within region `onchip_memory2_0'
c:/altera/13.0/nios2eds/bin/gnu/h-i686-mingw32/bin/../lib/gcc/nios2-elf/4.1.2/../../../../nios2-elf/bin/ld.exe: address 0x9b74 of proj_nios.elf section `.onchip_memory2_0' is not within region `onchip_memory2_0'
c:/altera/13.0/nios2eds/bin/gnu/h-i686-mingw32/bin/../lib/gcc/nios2-elf/4.1.2/../../../../nios2-elf/bin/ld.exe: address 0x7e4c of proj_nios.elf section `.rwdata' is not within region `onchip_memory2_0'
c:/altera/13.0/nios2eds/bin/gnu/h-i686-mingw32/bin/../lib/gcc/nios2-elf/4.1.2/../../../../nios2-elf/bin/ld.exe: address 0x9b74 of proj_nios.elf section `.bss' is not within region `onchip_memory2_0'
c:/altera/13.0/nios2eds/bin/gnu/h-i686-mingw32/bin/../lib/gcc/nios2-elf/4.1.2/../../../../nios2-elf/bin/ld.exe: address 0x9b74 of proj_nios.elf section `.onchip_memory2_0' is not within region `onchip_memory2_0'
c:/altera/13.0/nios2eds/bin/gnu/h-i686-mingw32/bin/../lib/gcc/nios2-elf/4.1.2/../../../../nios2-elf/bin/ld.exe: region `onchip_memory2_0' overflowed by 31604 bytes
../proj_nios_bsp/\libhal_bsp.a(alt_sys_init.o): In function `alt_sys_init':
alt_sys_init.c:(.text+0x44): undefined reference to `__alt_invalid'
collect2: ld returned 1 exit status
make: *** [proj_nios.elf] Error 1

**** Build Finished ****
